<?xml version="1.0" encoding="UTF-8" ?>
<testsuites>
  <testsuite errors="0" failures="0" hostname="MCINBDA02" id="0" name="DuplicateCheckTest" package="com.wm.ps.serviceMock.samples" skipped="0" tests="3" time="0.633" timestamp="2016-09-09T10:26:29">
      <properties>
[...]
</properties>

      <testcase classname="com.wm.ps.serviceMock.samples.DuplicateCheckTest" name="testDupCheckCatchBlock" time="0.528" />

      <testcase classname="com.wm.ps.serviceMock.samples.DuplicateCheckTest" name="testDupCheckSucessNoResults" time="0.008" />

      <testcase classname="com.wm.ps.serviceMock.samples.DuplicateCheckTest" name="testDupCheckSucessWithResults" time="0.06" />

      <system-out><![CDATA[]]></system-out>

      <system-err><![CDATA[]]></system-err>

  </testsuite>
  <testsuite errors="0" failures="0" hostname="MCINBDA02" id="1" name="WmTestSuite" package="com.wm.ps.test" skipped="0" tests="7" time="0.396" timestamp="2016-09-09T10:26:28">
      <properties>
[...]
</properties>

      <testcase classname="com.wm.ps.test.WmTestCase" name="Duplicate Check Success With Results" time="0.1" />

      <testcase classname="com.wm.ps.test.WmTestCase" name="Duplicate Check Catch Block" time="0.021" />

      <testcase classname="com.wm.ps.test.WmTestCase" name="Duplicate Check Success No Results" time="0.007" />

      <testcase classname="com.wm.ps.test.WmTestCase" name="Duplicate Check Success With Results [With XPath Fields]" time="0.042" />

      <testcase classname="com.wm.ps.test.WmTestCase" name="Duplicate Check Success With Results [Only XPath Fields]" time="0.011" />

      <testcase classname="com.wm.ps.test.WmTestCase" name="Duplicate Check Success With XML Results" time="0.181" />

      <testcase classname="com.wm.ps.test.WmTestCase" name="Duplicate Check Success using MockDataFactory" time="0.022" />

      <system-out><![CDATA[]]></system-out>

      <system-err><![CDATA[Rhino classes (js.jar) not found - Javascript disabled
]]></system-err>

  </testsuite>
</testsuites>
